TN:
SF:nodeJS/src/router.js
FN:39,(anonymous_0)
FN:60,(anonymous_1)
FN:65,(anonymous_2)
FN:70,(anonymous_3)
FN:77,(anonymous_4)
FN:88,(anonymous_5)
FN:96,(anonymous_6)
FN:98,(anonymous_7)
FN:104,(anonymous_8)
FN:115,(anonymous_9)
FN:125,(anonymous_10)
FN:135,(anonymous_11)
FN:147,(anonymous_12)
FN:158,(anonymous_13)
FN:169,(anonymous_14)
FN:179,(anonymous_15)
FN:190,(anonymous_16)
FN:200,(anonymous_17)
FN:211,(anonymous_18)
FN:223,(anonymous_19)
FN:246,(anonymous_20)
FN:261,(anonymous_21)
FN:271,(anonymous_22)
FNF:23
FNH:14
FNDA:0,(anonymous_0)
FNDA:0,(anonymous_1)
FNDA:0,(anonymous_2)
FNDA:1,(anonymous_3)
FNDA:1,(anonymous_4)
FNDA:1,(anonymous_5)
FNDA:0,(anonymous_6)
FNDA:0,(anonymous_7)
FNDA:1,(anonymous_8)
FNDA:0,(anonymous_9)
FNDA:1,(anonymous_10)
FNDA:1,(anonymous_11)
FNDA:1,(anonymous_12)
FNDA:1,(anonymous_13)
FNDA:0,(anonymous_14)
FNDA:1,(anonymous_15)
FNDA:1,(anonymous_16)
FNDA:1,(anonymous_17)
FNDA:1,(anonymous_18)
FNDA:1,(anonymous_19)
FNDA:0,(anonymous_20)
FNDA:0,(anonymous_21)
FNDA:1,(anonymous_22)
DA:6,1
DA:7,1
DA:8,1
DA:9,1
DA:10,1
DA:11,1
DA:12,1
DA:14,1
DA:17,1
DA:19,1
DA:22,1
DA:25,1
DA:26,1
DA:27,1
DA:31,1
DA:32,1
DA:33,1
DA:40,0
DA:41,0
DA:42,0
DA:46,1
DA:49,1
DA:50,1
DA:51,1
DA:53,1
DA:59,1
DA:60,1
DA:61,0
DA:65,1
DA:66,0
DA:67,0
DA:70,1
DA:71,1
DA:72,1
DA:73,1
DA:74,1
DA:77,1
DA:78,1
DA:79,1
DA:80,1
DA:81,1
DA:88,1
DA:89,1
DA:90,1
DA:91,1
DA:92,1
DA:96,1
DA:97,0
DA:98,0
DA:99,0
DA:104,1
DA:105,1
DA:115,1
DA:116,0
DA:125,1
DA:126,1
DA:135,1
DA:136,1
DA:137,1
DA:147,1
DA:148,1
DA:158,1
DA:159,1
DA:169,1
DA:170,0
DA:179,1
DA:180,1
DA:181,1
DA:190,1
DA:191,1
DA:200,1
DA:201,1
DA:202,1
DA:211,1
DA:212,1
DA:213,1
DA:223,1
DA:224,1
DA:246,1
DA:247,0
DA:248,0
DA:249,0
DA:250,0
DA:261,1
DA:262,0
DA:271,1
DA:272,1
DA:273,1
LF:88
LH:72
BRDA:9,0,0,1
BRDA:9,0,1,1
BRDA:40,1,0,0
BRDA:40,1,1,0
BRDA:248,2,0,0
BRDA:248,2,1,0
BRF:6
BRH:2
end_of_record
TN:
SF:nodeJS/src/controllers/editController.js
FN:13,(anonymous_0)
FN:32,(anonymous_1)
FN:43,(anonymous_2)
FN:55,(anonymous_3)
FN:65,(anonymous_4)
FN:81,(anonymous_5)
FN:89,(anonymous_6)
FN:98,(anonymous_7)
FN:107,calculateOvertime
FN:109,(anonymous_9)
FNF:10
FNH:10
FNDA:1,(anonymous_0)
FNDA:2,(anonymous_1)
FNDA:1,(anonymous_2)
FNDA:1,(anonymous_3)
FNDA:2,(anonymous_4)
FNDA:2,(anonymous_5)
FNDA:1,(anonymous_6)
FNDA:1,(anonymous_7)
FNDA:3,calculateOvertime
FNDA:5,(anonymous_9)
DA:6,2
DA:7,2
DA:13,2
DA:14,1
DA:15,1
DA:16,1
DA:17,1
DA:24,1
DA:32,2
DA:33,2
DA:34,1
DA:36,1
DA:43,2
DA:44,1
DA:45,1
DA:46,1
DA:55,2
DA:56,1
DA:65,2
DA:66,2
DA:67,1
DA:69,1
DA:81,2
DA:82,2
DA:89,2
DA:90,1
DA:91,1
DA:98,2
DA:99,1
DA:108,3
DA:109,3
DA:110,5
DA:112,3
LF:33
LH:33
BRDA:33,0,0,1
BRDA:33,0,1,1
BRDA:66,1,0,1
BRDA:66,1,1,1
BRF:4
BRH:4
end_of_record
TN:
SF:nodeJS/src/controllers/fileExplorerController.js
FN:14,(anonymous_0)
FN:25,(anonymous_1)
FN:34,retriveFileList
FN:37,(anonymous_3)
FN:48,(anonymous_4)
FNF:5
FNH:5
FNDA:1,(anonymous_0)
FNDA:1,(anonymous_1)
FNDA:2,retriveFileList
FNDA:2,(anonymous_3)
FNDA:2,(anonymous_4)
DA:6,2
DA:7,2
DA:14,2
DA:15,1
DA:16,1
DA:17,1
DA:25,2
DA:26,1
DA:27,1
DA:28,1
DA:35,2
DA:36,2
DA:37,2
DA:41,2
DA:48,2
DA:49,2
LF:16
LH:16
BRF:0
BRH:0
end_of_record
TN:
SF:nodeJS/src/controllers/loadingController.js
FN:14,(anonymous_0)
FNF:1
FNH:1
FNDA:1,(anonymous_0)
DA:6,2
DA:14,2
DA:15,1
LF:3
LH:3
BRF:0
BRH:0
end_of_record
TN:
SF:nodeJS/src/models/editModel.js
FN:31,(anonymous_0)
FN:43,(anonymous_1)
FN:51,(anonymous_2)
FN:63,(anonymous_3)
FN:75,(anonymous_4)
FN:84,(anonymous_5)
FN:97,(anonymous_6)
FN:108,(anonymous_7)
FN:117,(anonymous_8)
FN:133,(anonymous_9)
FN:145,(anonymous_10)
FNF:11
FNH:11
FNDA:2,(anonymous_0)
FNDA:2,(anonymous_1)
FNDA:2,(anonymous_2)
FNDA:2,(anonymous_3)
FNDA:1,(anonymous_4)
FNDA:1,(anonymous_5)
FNDA:2,(anonymous_6)
FNDA:2,(anonymous_7)
FNDA:2,(anonymous_8)
FNDA:2,(anonymous_9)
FNDA:2,(anonymous_10)
DA:5,2
DA:6,2
DA:9,2
DA:15,2
DA:21,2
DA:31,2
DA:32,2
DA:43,2
DA:44,2
DA:51,2
DA:52,2
DA:55,1
DA:63,2
DA:64,2
DA:67,1
DA:75,2
DA:76,1
DA:84,2
DA:85,1
DA:97,2
DA:99,2
DA:108,2
DA:109,2
DA:117,2
DA:118,2
DA:133,2
DA:134,2
DA:145,2
DA:146,2
LF:29
LH:29
BRDA:52,0,0,1
BRDA:52,0,1,1
BRDA:64,1,0,1
BRDA:64,1,1,1
BRF:4
BRH:4
end_of_record
TN:
SF:nodeJS/src/models/fileExplorerModel.js
FN:16,(anonymous_0)
FN:17,(anonymous_1)
FN:24,(anonymous_2)
FN:32,(anonymous_3)
FNF:4
FNH:4
FNDA:1,(anonymous_0)
FNDA:1,(anonymous_1)
FNDA:1,(anonymous_2)
FNDA:2,(anonymous_3)
DA:5,2
DA:6,2
DA:9,2
DA:10,2
DA:11,2
DA:16,2
DA:17,1
DA:24,2
DA:25,1
DA:32,2
DA:33,2
LF:11
LH:11
BRF:0
BRH:0
end_of_record
TN:
SF:nodeJS/src/views/editView.js
FN:12,(anonymous_0)
FN:40,(anonymous_1)
FN:54,(anonymous_2)
FNF:3
FNH:2
FNDA:1,(anonymous_0)
FNDA:0,(anonymous_1)
FNDA:1,(anonymous_2)
DA:12,1
DA:13,1
DA:40,1
DA:41,0
DA:54,1
DA:55,1
LF:6
LH:5
BRF:0
BRH:0
end_of_record
TN:
SF:nodeJS/src/views/fileExplorerView.js
FN:15,(anonymous_0)
FNF:1
FNH:1
FNDA:2,(anonymous_0)
DA:15,1
DA:16,2
LF:2
LH:2
BRDA:19,0,0,1
BRDA:19,0,1,1
BRF:2
BRH:2
end_of_record
TN:
SF:nodeJS/src/views/loadingView.js
FN:10,(anonymous_0)
FN:25,(anonymous_1)
FNF:2
FNH:2
FNDA:1,(anonymous_0)
FNDA:1,(anonymous_1)
DA:10,1
DA:11,1
DA:25,1
DA:26,1
LF:4
LH:4
BRF:0
BRH:0
end_of_record
TN:
SF:nodeJS/src/wrappers/s3Wrapper.js
FN:22,(anonymous_0)
FN:32,(anonymous_1)
FN:44,getKeys
FN:47,(anonymous_3)
FN:62,(anonymous_4)
FN:77,getObject
FN:81,(anonymous_6)
FNF:7
FNH:7
FNDA:1,(anonymous_0)
FNDA:1,(anonymous_1)
FNDA:1,getKeys
FNDA:2,(anonymous_3)
FNDA:1,(anonymous_4)
FNDA:1,getObject
FNDA:2,(anonymous_6)
DA:6,1
DA:8,1
DA:22,1
DA:23,1
DA:32,1
DA:33,1
DA:37,1
DA:38,1
DA:45,1
DA:46,1
DA:47,2
DA:49,1
DA:50,0
DA:51,0
DA:53,1
DA:62,1
DA:63,1
DA:68,1
DA:69,1
DA:78,1
DA:79,1
DA:80,1
DA:81,2
DA:82,1
DA:83,0
DA:84,0
DA:86,1
LF:27
LH:23
BRDA:44,0,0,1
BRDA:49,1,0,0
BRDA:49,1,1,1
BRDA:77,2,0,1
BRDA:82,3,0,0
BRDA:82,3,1,1
BRF:6
BRH:4
end_of_record
TN:
SF:nodeJS/src/wrappers/snsWrapper.js
FN:19,getTopicArn
FN:38,(anonymous_1)
FN:52,(anonymous_2)
FN:71,publisher
FN:77,(anonymous_4)
FN:78,(anonymous_5)
FNF:6
FNH:6
FNDA:2,getTopicArn
FNDA:1,(anonymous_1)
FNDA:1,(anonymous_2)
FNDA:3,publisher
FNDA:1,(anonymous_4)
FNDA:2,(anonymous_5)
DA:6,2
DA:10,2
DA:20,2
DA:39,1
DA:40,1
DA:41,1
DA:42,1
DA:53,1
DA:72,3
DA:73,3
DA:75,3
DA:77,1
DA:78,2
DA:79,3
DA:82,2
DA:83,2
LF:16
LH:16
BRF:0
BRH:0
end_of_record
